<?xml version="1.0" encoding="UTF-8" ?>
<testsuite tests="15" failures="14" name="LMS.BorrowerTest" time="0.034" errors="0" skipped="0">
  <properties>
    <property name="java.runtime.name" value="OpenJDK Runtime Environment"/>
    <property name="java.vm.version" value="11.0.4+11-post-Ubuntu-1ubuntu218.04.3"/>
    <property name="sun.boot.library.path" value="/usr/lib/jvm/java-11-openjdk-amd64/lib"/>
    <property name="maven.multiModuleProjectDirectory" value="/home/fei/Documents/19Fall/Testing/project/lms"/>
    <property name="java.vm.vendor" value="Ubuntu"/>
    <property name="java.vendor.url" value="https://ubuntu.com/"/>
    <property name="guice.disable.misplaced.annotation.check" value="true"/>
    <property name="path.separator" value=":"/>
    <property name="java.vm.name" value="OpenJDK 64-Bit Server VM"/>
    <property name="sun.os.patch.level" value="unknown"/>
    <property name="user.country" value="US"/>
    <property name="sun.java.launcher" value="SUN_STANDARD"/>
    <property name="java.vm.specification.name" value="Java Virtual Machine Specification"/>
    <property name="user.dir" value="/home/fei/Documents/19Fall/Testing/project/lms"/>
    <property name="java.vm.compressedOopsMode" value="Zero based"/>
    <property name="java.runtime.version" value="11.0.4+11-post-Ubuntu-1ubuntu218.04.3"/>
    <property name="java.awt.graphicsenv" value="sun.awt.X11GraphicsEnvironment"/>
    <property name="os.arch" value="amd64"/>
    <property name="java.io.tmpdir" value="/tmp"/>
    <property name="line.separator" value="
"/>
    <property name="java.vm.specification.vendor" value="Oracle Corporation"/>
    <property name="os.name" value="Linux"/>
    <property name="classworlds.conf" value="/usr/share/maven/bin/m2.conf"/>
    <property name="sun.jnu.encoding" value="UTF-8"/>
    <property name="java.library.path" value="/usr/java/packages/lib:/usr/lib/x86_64-linux-gnu/jni:/lib/x86_64-linux-gnu:/usr/lib/x86_64-linux-gnu:/usr/lib/jni:/lib:/usr/lib"/>
    <property name="maven.conf" value="/usr/share/maven/conf"/>
    <property name="jdk.debug" value="release"/>
    <property name="java.class.version" value="55.0"/>
    <property name="java.specification.name" value="Java Platform API Specification"/>
    <property name="sun.management.compiler" value="HotSpot 64-Bit Tiered Compilers"/>
    <property name="os.version" value="4.15.0-70-generic"/>
    <property name="library.jansi.path" value="/usr/share/maven/lib/jansi-native"/>
    <property name="user.home" value="/home/fei"/>
    <property name="user.timezone" value="America/New_York"/>
    <property name="java.awt.printerjob" value="sun.print.PSPrinterJob"/>
    <property name="file.encoding" value="UTF-8"/>
    <property name="java.specification.version" value="11"/>
    <property name="user.name" value="fei"/>
    <property name="java.class.path" value="/usr/share/maven/boot/plexus-classworlds-2.x.jar"/>
    <property name="java.vm.specification.version" value="11"/>
    <property name="sun.arch.data.model" value="64"/>
    <property name="sun.java.command" value="org.codehaus.plexus.classworlds.launcher.Launcher clean test"/>
    <property name="java.home" value="/usr/lib/jvm/java-11-openjdk-amd64"/>
    <property name="user.language" value="en"/>
    <property name="java.specification.vendor" value="Oracle Corporation"/>
    <property name="awt.toolkit" value="sun.awt.X11.XToolkit"/>
    <property name="java.vm.info" value="mixed mode, sharing"/>
    <property name="java.version" value="11.0.4"/>
    <property name="securerandom.source" value="file:/dev/./urandom"/>
    <property name="java.vendor" value="Ubuntu"/>
    <property name="maven.home" value="/usr/share/maven"/>
    <property name="file.separator" value="/"/>
    <property name="java.version.date" value="2019-07-16"/>
    <property name="java.vendor.url.bug" value="https://bugs.launchpad.net/ubuntu/+source/openjdk-lts"/>
    <property name="sun.io.unicode.encoding" value="UnicodeLittle"/>
    <property name="sun.cpu.endian" value="little"/>
    <property name="sun.desktop" value="gnome"/>
    <property name="sun.cpu.isalist" value=""/>
  </properties>
  <testcase classname="LMS.BorrowerTest" name="LMS.BorrowerTest.testRemoveBorrowedBookEmptyListTest" time="0.023">
    <failure message="Unexpected exception type thrown ==&gt; expected: &lt;java.lang.IllegalStateException&gt; but was: &lt;java.lang.NullPointerException&gt;" type="org.opentest4j.AssertionFailedError">org.opentest4j.AssertionFailedError: Unexpected exception type thrown ==&gt; expected: &lt;java.lang.IllegalStateException&gt; but was: &lt;java.lang.NullPointerException&gt;
	at org.junit.jupiter.api.AssertThrows.assertThrows(AssertThrows.java:65)
	at org.junit.jupiter.api.AssertThrows.assertThrows(AssertThrows.java:37)
	at org.junit.jupiter.api.Assertions.assertThrows(Assertions.java:2952)
	at LMS.BorrowerTest.testRemoveBorrowedBookEmptyListTest(BorrowerTest.java:141)
Caused by: java.lang.NullPointerException
	at LMS.BorrowerTest.lambda$testRemoveBorrowedBookEmptyListTest$0(BorrowerTest.java:142)
	at org.junit.jupiter.api.AssertThrows.assertThrows(AssertThrows.java:55)
	... 21 more
</failure>
  </testcase>
  <testcase classname="LMS.BorrowerTest" name="LMS.BorrowerTest.testRemoveBorremoveBorrowedBookRepeated" time="0">
    <failure type="java.lang.NullPointerException">java.lang.NullPointerException
	at LMS.BorrowerTest.testRemoveBorremoveBorrowedBookRepeated(BorrowerTest.java:164)
</failure>
  </testcase>
  <testcase classname="LMS.BorrowerTest" name="LMS.BorrowerTest.testAddBorrowedBookNormal" time="0">
    <failure type="java.lang.NullPointerException">java.lang.NullPointerException
	at LMS.BorrowerTest.testAddBorrowedBookNormal(BorrowerTest.java:89)
</failure>
  </testcase>
  <testcase classname="LMS.BorrowerTest" name="LMS.BorrowerTest.testAddBorrowedBookNull" time="0">
    <failure type="java.lang.NullPointerException">java.lang.NullPointerException
	at LMS.BorrowerTest.testAddBorrowedBookNull(BorrowerTest.java:101)
</failure>
  </testcase>
  <testcase classname="LMS.BorrowerTest" name="LMS.BorrowerTest.testAddBorrowedBookRepetitiveLoans" time="0">
    <failure type="java.lang.NullPointerException">java.lang.NullPointerException
	at LMS.BorrowerTest.testAddBorrowedBookRepetitiveLoans(BorrowerTest.java:113)
</failure>
  </testcase>
  <testcase classname="LMS.BorrowerTest" name="LMS.BorrowerTest.testRemoveBorrowedBookNormal" time="0">
    <failure type="java.lang.NullPointerException">java.lang.NullPointerException
	at LMS.BorrowerTest.testRemoveBorrowedBookNormal(BorrowerTest.java:127)
</failure>
  </testcase>
  <testcase classname="LMS.BorrowerTest" name="LMS.BorrowerTest.testRemoveBorrowedBookNull" time="0">
    <failure type="java.lang.NullPointerException">java.lang.NullPointerException
	at LMS.BorrowerTest.testRemoveBorrowedBookNull(BorrowerTest.java:152)
</failure>
  </testcase>
  <testcase classname="LMS.BorrowerTest" name="LMS.BorrowerTest.testAddHoldRequestNormal" time="0">
    <failure type="java.lang.NullPointerException">java.lang.NullPointerException
	at LMS.BorrowerTest.testAddHoldRequestNormal(BorrowerTest.java:181)
</failure>
  </testcase>
  <testcase classname="LMS.BorrowerTest" name="LMS.BorrowerTest.testAddHoldRequestNull" time="0"/>
  <testcase classname="LMS.BorrowerTest" name="LMS.BorrowerTest.testAddHoldRequestRepeated" time="0">
    <failure type="java.lang.NullPointerException">java.lang.NullPointerException
	at LMS.BorrowerTest.testAddHoldRequestRepeated(BorrowerTest.java:203)
</failure>
  </testcase>
  <testcase classname="LMS.BorrowerTest" name="LMS.BorrowerTest.testRemoveHoldRequestNormal" time="0.001">
    <failure type="java.lang.NullPointerException">java.lang.NullPointerException
	at LMS.BorrowerTest.testRemoveHoldRequestNormal(BorrowerTest.java:217)
</failure>
  </testcase>
  <testcase classname="LMS.BorrowerTest" name="LMS.BorrowerTest.testRemoveHoldRequestNull" time="0">
    <failure type="java.lang.NullPointerException">java.lang.NullPointerException
	at LMS.BorrowerTest.testRemoveHoldRequestNull(BorrowerTest.java:238)
</failure>
  </testcase>
  <testcase classname="LMS.BorrowerTest" name="LMS.BorrowerTest.testRemoveHoldRequestRepeated" time="0.001">
    <failure type="java.lang.NullPointerException">java.lang.NullPointerException
	at LMS.BorrowerTest.testRemoveHoldRequestRepeated(BorrowerTest.java:250)
</failure>
  </testcase>
  <testcase classname="LMS.BorrowerTest" name="LMS.BorrowerTest.testPrintInfoNormal" time="0.008">
    <failure type="java.lang.NullPointerException">java.lang.NullPointerException
	at LMS.BorrowerTest.testPrintInfoNormal(BorrowerTest.java:265)
</failure>
  </testcase>
  <testcase classname="LMS.BorrowerTest" name="LMS.BorrowerTest.testPrintInfoEmptyRecords" time="0.001">
    <failure type="java.lang.NullPointerException">java.lang.NullPointerException
	at LMS.BorrowerTest.testPrintInfoEmptyRecords(BorrowerTest.java:281)
</failure>
  </testcase>
</testsuite>